<?xml version="1.0" encoding="UTF-8"?>
<testng-results ignored="0" total="1" passed="1" failed="0" skipped="0">
  <reporter-output>
  </reporter-output>
  <suite started-at="2024-10-03T22:41:37 IST" name="Default suite" finished-at="2024-10-03T22:41:44 IST" duration-ms="7085">
    <groups>
    </groups>
    <test started-at="2024-10-03T22:41:37 IST" name="Default test" finished-at="2024-10-03T22:41:44 IST" duration-ms="7085">
      <class name="testng.Datepicker_Handling">
        <test-method is-config="true" signature="setUp()[pri:0, instance:testng.Datepicker_Handling@3c77d488]" started-at="2024-10-03T22:41:37 IST" name="setUp" finished-at="2024-10-03T22:41:43 IST" duration-ms="6181" status="PASS">
          <reporter-output>
          </reporter-output>
        </test-method> <!-- setUp -->
        <test-method signature="test()[pri:0, instance:testng.Datepicker_Handling@3c77d488]" started-at="2024-10-03T22:41:44 IST" name="test" finished-at="2024-10-03T22:41:44 IST" duration-ms="870" status="PASS">
          <reporter-output>
          </reporter-output>
        </test-method> <!-- test -->
      </class> <!-- testng.Datepicker_Handling -->
    </test> <!-- Default test -->
  </suite> <!-- Default suite -->
</testng-results>
